\BOOKMARK [0][-]{chapter.4}{1 Introduction}{}% 1
\BOOKMARK [1][-]{section.5}{1.1 Introduction}{chapter.4}% 2
\BOOKMARK [1][-]{section.8}{1.2 Method}{chapter.4}% 3
\BOOKMARK [1][-]{section.12}{1.3 Related Work}{chapter.4}% 4
\BOOKMARK [1][-]{section.13}{1.4 List of Publications}{chapter.4}% 5
\BOOKMARK [0][-]{chapter.14}{2 Unified Embedding and Metric Learning for Zero-Exemplar Event Detection}{}% 6
\BOOKMARK [1][-]{section.15}{2.1 Introduction}{chapter.14}% 7
\BOOKMARK [1][-]{section.21}{2.2 Related Work}{chapter.14}% 8
\BOOKMARK [1][-]{section.24}{2.3 Method}{chapter.14}% 9
\BOOKMARK [2][-]{subsection.25}{2.3.1 Overview}{section.24}% 10
\BOOKMARK [2][-]{subsection.27}{2.3.2 Model}{section.24}% 11
\BOOKMARK [1][-]{section.32}{2.4 Experiments}{chapter.14}% 12
\BOOKMARK [2][-]{subsection.33}{2.4.1 Datasets}{section.32}% 13
\BOOKMARK [2][-]{subsection.34}{2.4.2 Implementation Details}{section.32}% 14
\BOOKMARK [2][-]{subsection.36}{2.4.3 Textual Embedding}{section.32}% 15
\BOOKMARK [2][-]{subsection.42}{2.4.4 Unified Embedding and Metric Learning}{section.32}% 16
\BOOKMARK [2][-]{subsection.44}{2.4.5 Mitigating Noise in EventNet}{section.32}% 17
\BOOKMARK [2][-]{subsection.45}{2.4.6 Latent Topics in LSI}{section.32}% 18
\BOOKMARK [1][-]{section.47}{2.5 Results}{chapter.14}% 19
\BOOKMARK [1][-]{section.52}{2.6 Conclusion}{chapter.14}% 20
\BOOKMARK [0][-]{chapter.53}{3 Timeception for Complex Action Recognition}{}% 21
\BOOKMARK [1][-]{section.54}{3.1 Introduction}{chapter.53}% 22
\BOOKMARK [1][-]{section.57}{3.2 Related Work}{chapter.53}% 23
\BOOKMARK [1][-]{section.58}{3.3 Method}{chapter.53}% 24
\BOOKMARK [2][-]{subsection.59}{3.3.1 Motivation}{section.58}% 25
\BOOKMARK [2][-]{subsection.60}{3.3.2 Timeception Layer}{section.58}% 26
\BOOKMARK [2][-]{subsection.63}{3.3.3 The Final Model}{section.58}% 27
\BOOKMARK [1][-]{section.64}{3.4 Experiments}{chapter.53}% 28
\BOOKMARK [2][-]{subsection.65}{3.4.1 Datasets}{section.64}% 29
\BOOKMARK [2][-]{subsection.66}{3.4.2 Tolerating Temporal Extents}{section.64}% 30
\BOOKMARK [2][-]{subsection.71}{3.4.3 Long-range Temporal Dependencies}{section.64}% 31
\BOOKMARK [2][-]{subsection.73}{3.4.4 Effectiveness of Timeception}{section.64}% 32
\BOOKMARK [2][-]{subsection.75}{3.4.5 Experiments on Benchmarks}{section.64}% 33
\BOOKMARK [1][-]{section.81}{3.5 Conclusion}{chapter.53}% 34
\BOOKMARK [0][-]{chapter.82}{4 VideoGraph: Recognizing Minutes-Long Human Activities in Videos}{}% 35
\BOOKMARK [1][-]{section.83}{4.1 Introduction}{chapter.82}% 36
\BOOKMARK [1][-]{section.84}{4.2 Related Work}{chapter.82}% 37
\BOOKMARK [1][-]{section.85}{4.3 Method}{chapter.82}% 38
\BOOKMARK [1][-]{section.86}{4.4 Experiments}{chapter.82}% 39
\BOOKMARK [1][-]{section.87}{4.5 Conclusion}{chapter.82}% 40
\BOOKMARK [0][-]{chapter.88}{5 Permutation Invariant Convolution for Recognizing Long-range Activities}{}% 41
\BOOKMARK [1][-]{section.89}{5.1 Introduction}{chapter.88}% 42
\BOOKMARK [1][-]{section.92}{5.2 Related Work}{chapter.88}% 43
\BOOKMARK [1][-]{section.94}{5.3 Method}{chapter.88}% 44
\BOOKMARK [2][-]{subsection.95}{5.3.1 Motivation}{section.94}% 45
\BOOKMARK [2][-]{subsection.98}{5.3.2 PIC: Permutation Invariant Convolution}{section.94}% 46
\BOOKMARK [2][-]{subsection.104}{5.3.3 Final Model}{section.94}% 47
\BOOKMARK [1][-]{section.105}{5.4 Experiments}{chapter.88}% 48
\BOOKMARK [2][-]{subsection.106}{5.4.1 Datasets}{section.105}% 49
\BOOKMARK [2][-]{subsection.107}{5.4.2 Dissection of PIC}{section.105}% 50
\BOOKMARK [2][-]{subsection.114}{5.4.3 Analysis of PIC}{section.105}% 51
\BOOKMARK [2][-]{subsection.117}{5.4.4 Quantitative Analysis}{section.105}% 52
\BOOKMARK [2][-]{subsection.121}{5.4.5 Qualitative Analysis}{section.105}% 53
\BOOKMARK [1][-]{section.124}{5.5 Conclusion}{chapter.88}% 54
\BOOKMARK [0][-]{chapter.125}{6 Timegate: Conditional Gating of Segments in Long-range Activities}{}% 55
\BOOKMARK [1][-]{section.126}{6.1 Introduction}{chapter.125}% 56
\BOOKMARK [1][-]{section.129}{6.2 Related Work}{chapter.125}% 57
\BOOKMARK [1][-]{section.130}{6.3 Method}{chapter.125}% 58
\BOOKMARK [2][-]{subsection.132}{6.3.1 TimeGate}{section.130}% 59
\BOOKMARK [2][-]{subsection.135}{6.3.2 TimeGate Implementation}{section.130}% 60
\BOOKMARK [1][-]{section.136}{6.4 Experiments}{chapter.125}% 61
\BOOKMARK [2][-]{subsection.137}{6.4.1 Datasets}{section.136}% 62
\BOOKMARK [2][-]{subsection.139}{6.4.2 Stand-alone Timestep Selector}{section.136}% 63
\BOOKMARK [2][-]{subsection.141}{6.4.3 End-to-End TimeGate}{section.136}% 64
\BOOKMARK [2][-]{subsection.144}{6.4.4 Context-Conditional Gating}{section.136}% 65
\BOOKMARK [2][-]{subsection.148}{6.4.5 Computation-Performance Tradeoff}{section.136}% 66
\BOOKMARK [2][-]{subsection.151}{6.4.6 Experiments on Charades}{section.136}% 67
\BOOKMARK [2][-]{subsection.153}{6.4.7 Experiments on MultiThumos}{section.136}% 68
\BOOKMARK [2][-]{subsection.155}{6.4.8 Qualitative Results}{section.136}% 69
\BOOKMARK [1][-]{section.158}{6.5 Conclusion}{chapter.125}% 70
\BOOKMARK [0][-]{chapter.159}{7 Conclusions}{}% 71
\BOOKMARK [1][-]{section.160}{7.1 Summary}{chapter.159}% 72
\BOOKMARK [1][-]{section.161}{7.2 Discussion}{chapter.159}% 73
\BOOKMARK [0][-]{chapter*.162}{Samenvatting}{}% 74
\BOOKMARK [0][-]{chapter*.163}{Acknowledgments}{}% 75
\BOOKMARK [0][-]{chapter*.165}{Bibliography}{}% 76
